The target system is: Generic - 1 - arm-none-eabi
The host system is: Linux - 4.18.20-041820-generic - x86_64
Compiling the C compiler identification source file "CMakeCCompilerId.c" succeeded.
Compiler: /opt/toolchains/gcc-arm-none-eabi-7-2018-q2-update/bin/arm-none-eabi-gcc 
Build flags: -mthumb;-mcpu=cortex-m3;-mlittle-endian;-mthumb-interwork;;-lm;-lc;-lnosys;--specs=nosys.specs;
Id flags:  

The output was:
0


Compilation of the C compiler identification source "CMakeCCompilerId.c" produced "a.out"

The C compiler identification is GNU, found in "/rnd/DL/machine-learning-for-embedded/stm32-simple-nn/build-stm32/CMakeFiles/3.10.2/CompilerIdC/a.out"

Compiling the CXX compiler identification source file "CMakeCXXCompilerId.cpp" succeeded.
Compiler: /opt/toolchains/gcc-arm-none-eabi-7-2018-q2-update/bin/arm-none-eabi-g++ 
Build flags: -mthumb;-mcpu=cortex-m3;-mlittle-endian;-mthumb-interwork;;-lm;-lc;-lnosys;--specs=nosys.specs;
Id flags:  

The output was:
0


Compilation of the CXX compiler identification source "CMakeCXXCompilerId.cpp" produced "a.out"

The CXX compiler identification is GNU, found in "/rnd/DL/machine-learning-for-embedded/stm32-simple-nn/build-stm32/CMakeFiles/3.10.2/CompilerIdCXX/a.out"

Determining if the C compiler works passed with the following output:
Change Dir: /rnd/DL/machine-learning-for-embedded/stm32-simple-nn/build-stm32/CMakeFiles/CMakeTmp

Run Build Command:"/usr/bin/make" "cmTC_b23ed/fast"
/usr/bin/make -f CMakeFiles/cmTC_b23ed.dir/build.make CMakeFiles/cmTC_b23ed.dir/build
make[1]: Entering directory '/rnd/DL/machine-learning-for-embedded/stm32-simple-nn/build-stm32/CMakeFiles/CMakeTmp'
Building C object CMakeFiles/cmTC_b23ed.dir/testCCompiler.c.obj
/opt/toolchains/gcc-arm-none-eabi-7-2018-q2-update/bin/arm-none-eabi-gcc   -mthumb -mcpu=cortex-m3 -mlittle-endian -mthumb-interwork  -lm -lc -lnosys --specs=nosys.specs     -o CMakeFiles/cmTC_b23ed.dir/testCCompiler.c.obj   -c /rnd/DL/machine-learning-for-embedded/stm32-simple-nn/build-stm32/CMakeFiles/CMakeTmp/testCCompiler.c
Linking C executable cmTC_b23ed
/usr/bin/cmake -E cmake_link_script CMakeFiles/cmTC_b23ed.dir/link.txt --verbose=1
/opt/toolchains/gcc-arm-none-eabi-7-2018-q2-update/bin/arm-none-eabi-gcc -mthumb -mcpu=cortex-m3 -mlittle-endian -mthumb-interwork  -lm -lc -lnosys --specs=nosys.specs    -mthumb -mcpu=cortex-m3 -mlittle-endian -mthumb-interwork  -Wl,-Map=linker.map -Wl,-cref -Wl,--gc-sections  CMakeFiles/cmTC_b23ed.dir/testCCompiler.c.obj  -o cmTC_b23ed 
make[1]: Leaving directory '/rnd/DL/machine-learning-for-embedded/stm32-simple-nn/build-stm32/CMakeFiles/CMakeTmp'


Detecting C compiler ABI info compiled with the following output:
Change Dir: /rnd/DL/machine-learning-for-embedded/stm32-simple-nn/build-stm32/CMakeFiles/CMakeTmp

Run Build Command:"/usr/bin/make" "cmTC_31606/fast"
/usr/bin/make -f CMakeFiles/cmTC_31606.dir/build.make CMakeFiles/cmTC_31606.dir/build
make[1]: Entering directory '/rnd/DL/machine-learning-for-embedded/stm32-simple-nn/build-stm32/CMakeFiles/CMakeTmp'
Building C object CMakeFiles/cmTC_31606.dir/CMakeCCompilerABI.c.obj
/opt/toolchains/gcc-arm-none-eabi-7-2018-q2-update/bin/arm-none-eabi-gcc   -mthumb -mcpu=cortex-m3 -mlittle-endian -mthumb-interwork  -lm -lc -lnosys --specs=nosys.specs     -o CMakeFiles/cmTC_31606.dir/CMakeCCompilerABI.c.obj   -c /usr/share/cmake-3.10/Modules/CMakeCCompilerABI.c
Linking C executable cmTC_31606
/usr/bin/cmake -E cmake_link_script CMakeFiles/cmTC_31606.dir/link.txt --verbose=1
/opt/toolchains/gcc-arm-none-eabi-7-2018-q2-update/bin/arm-none-eabi-gcc -mthumb -mcpu=cortex-m3 -mlittle-endian -mthumb-interwork  -lm -lc -lnosys --specs=nosys.specs    -mthumb -mcpu=cortex-m3 -mlittle-endian -mthumb-interwork  -Wl,-Map=linker.map -Wl,-cref -Wl,--gc-sections -v CMakeFiles/cmTC_31606.dir/CMakeCCompilerABI.c.obj  -o cmTC_31606 
Using built-in specs.
Reading specs from /opt/toolchains/gcc-arm-none-eabi-7-2018-q2-update/bin/../lib/gcc/arm-none-eabi/7.3.1/../../../../arm-none-eabi/lib/nosys.specs
rename spec link_gcc_c_sequence to nosys_link_gcc_c_sequence
COLLECT_GCC=/opt/toolchains/gcc-arm-none-eabi-7-2018-q2-update/bin/arm-none-eabi-gcc
COLLECT_LTO_WRAPPER=/opt/toolchains/gcc-arm-none-eabi-7-2018-q2-update/bin/../lib/gcc/arm-none-eabi/7.3.1/lto-wrapper
Target: arm-none-eabi
Configured with: /tmp/jenkins/jenkins-GCC-7-build_toolchain_docker-775_20180622_1529687456/src/gcc/configure --target=arm-none-eabi --prefix=/tmp/jenkins/jenkins-GCC-7-build_toolchain_docker-775_20180622_1529687456/install-native --libexecdir=/tmp/jenkins/jenkins-GCC-7-build_toolchain_docker-775_20180622_1529687456/install-native/lib --infodir=/tmp/jenkins/jenkins-GCC-7-build_toolchain_docker-775_20180622_1529687456/install-native/share/doc/gcc-arm-none-eabi/info --mandir=/tmp/jenkins/jenkins-GCC-7-build_toolchain_docker-775_20180622_1529687456/install-native/share/doc/gcc-arm-none-eabi/man --htmldir=/tmp/jenkins/jenkins-GCC-7-build_toolchain_docker-775_20180622_1529687456/install-native/share/doc/gcc-arm-none-eabi/html --pdfdir=/tmp/jenkins/jenkins-GCC-7-build_toolchain_docker-775_20180622_1529687456/install-native/share/doc/gcc-arm-none-eabi/pdf --enable-languages=c,c++ --enable-plugins --disable-decimal-float --disable-libffi --disable-libgomp --disable-libmudflap --disable-libquadmath --disable-libssp --disable-libstdcxx-pch --disable-nls --disable-shared --disable-threads --disable-tls --with-gnu-as --with-gnu-ld --with-newlib --with-headers=yes --with-python-dir=share/gcc-arm-none-eabi --with-sysroot=/tmp/jenkins/jenkins-GCC-7-build_toolchain_docker-775_20180622_1529687456/install-native/arm-none-eabi --build=x86_64-linux-gnu --host=x86_64-linux-gnu --with-gmp=/tmp/jenkins/jenkins-GCC-7-build_toolchain_docker-775_20180622_1529687456/build-native/host-libs/usr --with-mpfr=/tmp/jenkins/jenkins-GCC-7-build_toolchain_docker-775_20180622_1529687456/build-native/host-libs/usr --with-mpc=/tmp/jenkins/jenkins-GCC-7-build_toolchain_docker-775_20180622_1529687456/build-native/host-libs/usr --with-isl=/tmp/jenkins/jenkins-GCC-7-build_toolchain_docker-775_20180622_1529687456/build-native/host-libs/usr --with-libelf=/tmp/jenkins/jenkins-GCC-7-build_toolchain_docker-775_20180622_1529687456/build-native/host-libs/usr --with-host-libstdcxx='-static-libgcc -Wl,-Bstatic,-lstdc++,-Bdynamic -lm' --with-pkgversion='GNU Tools for Arm Embedded Processors 7-2018-q2-update' --with-multilib-list=rmprofile
Thread model: single
gcc version 7.3.1 20180622 (release) [ARM/embedded-7-branch revision 261907] (GNU Tools for Arm Embedded Processors 7-2018-q2-update) 
COMPILER_PATH=/opt/toolchains/gcc-arm-none-eabi-7-2018-q2-update/bin/../lib/gcc/arm-none-eabi/7.3.1/:/opt/toolchains/gcc-arm-none-eabi-7-2018-q2-update/bin/../lib/gcc/:/opt/toolchains/gcc-arm-none-eabi-7-2018-q2-update/bin/../lib/gcc/arm-none-eabi/7.3.1/../../../../arm-none-eabi/bin/
LIBRARY_PATH=/opt/toolchains/gcc-arm-none-eabi-7-2018-q2-update/bin/../lib/gcc/arm-none-eabi/7.3.1/thumb/v7-m/:/opt/toolchains/gcc-arm-none-eabi-7-2018-q2-update/bin/../lib/gcc/arm-none-eabi/7.3.1/../../../../arm-none-eabi/lib/thumb/v7-m/:/opt/toolchains/gcc-arm-none-eabi-7-2018-q2-update/bin/../arm-none-eabi/lib/thumb/v7-m/:/opt/toolchains/gcc-arm-none-eabi-7-2018-q2-update/bin/../lib/gcc/arm-none-eabi/7.3.1/:/opt/toolchains/gcc-arm-none-eabi-7-2018-q2-update/bin/../lib/gcc/:/opt/toolchains/gcc-arm-none-eabi-7-2018-q2-update/bin/../lib/gcc/arm-none-eabi/7.3.1/../../../../arm-none-eabi/lib/:/opt/toolchains/gcc-arm-none-eabi-7-2018-q2-update/bin/../arm-none-eabi/lib/
COLLECT_GCC_OPTIONS='-mthumb' '-mcpu=cortex-m3' '-mlittle-endian' '-specs=nosys.specs' '-mthumb' '-mcpu=cortex-m3' '-mlittle-endian' '-mthumb-interwork' '-v' '-o' 'cmTC_31606'
 /opt/toolchains/gcc-arm-none-eabi-7-2018-q2-update/bin/../lib/gcc/arm-none-eabi/7.3.1/collect2 -plugin /opt/toolchains/gcc-arm-none-eabi-7-2018-q2-update/bin/../lib/gcc/arm-none-eabi/7.3.1/liblto_plugin.so -plugin-opt=/opt/toolchains/gcc-arm-none-eabi-7-2018-q2-update/bin/../lib/gcc/arm-none-eabi/7.3.1/lto-wrapper -plugin-opt=-fresolution=/tmp/cc3RR4Ta.res -plugin-opt=-pass-through=-lgcc -plugin-opt=-pass-through=-lc -plugin-opt=-pass-through=-lgcc -plugin-opt=-pass-through=-lc -plugin-opt=-pass-through=-lnosys --sysroot=/opt/toolchains/gcc-arm-none-eabi-7-2018-q2-update/bin/../arm-none-eabi -EL -X -o cmTC_31606 /opt/toolchains/gcc-arm-none-eabi-7-2018-q2-update/bin/../lib/gcc/arm-none-eabi/7.3.1/thumb/v7-m/crti.o /opt/toolchains/gcc-arm-none-eabi-7-2018-q2-update/bin/../lib/gcc/arm-none-eabi/7.3.1/thumb/v7-m/crtbegin.o /opt/toolchains/gcc-arm-none-eabi-7-2018-q2-update/bin/../lib/gcc/arm-none-eabi/7.3.1/../../../../arm-none-eabi/lib/thumb/v7-m/crt0.o -L/opt/toolchains/gcc-arm-none-eabi-7-2018-q2-update/bin/../lib/gcc/arm-none-eabi/7.3.1/thumb/v7-m -L/opt/toolchains/gcc-arm-none-eabi-7-2018-q2-update/bin/../lib/gcc/arm-none-eabi/7.3.1/../../../../arm-none-eabi/lib/thumb/v7-m -L/opt/toolchains/gcc-arm-none-eabi-7-2018-q2-update/bin/../arm-none-eabi/lib/thumb/v7-m -L/opt/toolchains/gcc-arm-none-eabi-7-2018-q2-update/bin/../lib/gcc/arm-none-eabi/7.3.1 -L/opt/toolchains/gcc-arm-none-eabi-7-2018-q2-update/bin/../lib/gcc -L/opt/toolchains/gcc-arm-none-eabi-7-2018-q2-update/bin/../lib/gcc/arm-none-eabi/7.3.1/../../../../arm-none-eabi/lib -L/opt/toolchains/gcc-arm-none-eabi-7-2018-q2-update/bin/../arm-none-eabi/lib -lm -lc -lnosys -Map=linker.map -cref --gc-sections CMakeFiles/cmTC_31606.dir/CMakeCCompilerABI.c.obj --start-group -lgcc -lc --end-group --start-group -lgcc -lc -lnosys --end-group /opt/toolchains/gcc-arm-none-eabi-7-2018-q2-update/bin/../lib/gcc/arm-none-eabi/7.3.1/thumb/v7-m/crtend.o /opt/toolchains/gcc-arm-none-eabi-7-2018-q2-update/bin/../lib/gcc/arm-none-eabi/7.3.1/thumb/v7-m/crtn.o
COLLECT_GCC_OPTIONS='-mthumb' '-mcpu=cortex-m3' '-mlittle-endian' '-specs=nosys.specs' '-mthumb' '-mcpu=cortex-m3' '-mlittle-endian' '-mthumb-interwork' '-v' '-o' 'cmTC_31606'
make[1]: Leaving directory '/rnd/DL/machine-learning-for-embedded/stm32-simple-nn/build-stm32/CMakeFiles/CMakeTmp'


Parsed C implicit link information from above output:
  link line regex: [^( *|.*[/\])(arm-none-eabi-ld|CMAKE_LINK_STARTFILE-NOTFOUND|([^/\]+-)?ld|collect2)[^/\]*( |$)]
  ignore line: [Change Dir: /rnd/DL/machine-learning-for-embedded/stm32-simple-nn/build-stm32/CMakeFiles/CMakeTmp]
  ignore line: []
  ignore line: [Run Build Command:"/usr/bin/make" "cmTC_31606/fast"]
  ignore line: [/usr/bin/make -f CMakeFiles/cmTC_31606.dir/build.make CMakeFiles/cmTC_31606.dir/build]
  ignore line: [make[1]: Entering directory '/rnd/DL/machine-learning-for-embedded/stm32-simple-nn/build-stm32/CMakeFiles/CMakeTmp']
  ignore line: [Building C object CMakeFiles/cmTC_31606.dir/CMakeCCompilerABI.c.obj]
  ignore line: [/opt/toolchains/gcc-arm-none-eabi-7-2018-q2-update/bin/arm-none-eabi-gcc   -mthumb -mcpu=cortex-m3 -mlittle-endian -mthumb-interwork  -lm -lc -lnosys --specs=nosys.specs     -o CMakeFiles/cmTC_31606.dir/CMakeCCompilerABI.c.obj   -c /usr/share/cmake-3.10/Modules/CMakeCCompilerABI.c]
  ignore line: [Linking C executable cmTC_31606]
  ignore line: [/usr/bin/cmake -E cmake_link_script CMakeFiles/cmTC_31606.dir/link.txt --verbose=1]
  ignore line: [/opt/toolchains/gcc-arm-none-eabi-7-2018-q2-update/bin/arm-none-eabi-gcc -mthumb -mcpu=cortex-m3 -mlittle-endian -mthumb-interwork  -lm -lc -lnosys --specs=nosys.specs    -mthumb -mcpu=cortex-m3 -mlittle-endian -mthumb-interwork  -Wl,-Map=linker.map -Wl,-cref -Wl,--gc-sections -v CMakeFiles/cmTC_31606.dir/CMakeCCompilerABI.c.obj  -o cmTC_31606 ]
  ignore line: [Using built-in specs.]
  ignore line: [Reading specs from /opt/toolchains/gcc-arm-none-eabi-7-2018-q2-update/bin/../lib/gcc/arm-none-eabi/7.3.1/../../../../arm-none-eabi/lib/nosys.specs]
  ignore line: [rename spec link_gcc_c_sequence to nosys_link_gcc_c_sequence]
  ignore line: [COLLECT_GCC=/opt/toolchains/gcc-arm-none-eabi-7-2018-q2-update/bin/arm-none-eabi-gcc]
  ignore line: [COLLECT_LTO_WRAPPER=/opt/toolchains/gcc-arm-none-eabi-7-2018-q2-update/bin/../lib/gcc/arm-none-eabi/7.3.1/lto-wrapper]
  ignore line: [Target: arm-none-eabi]
  ignore line: [Configured with: /tmp/jenkins/jenkins-GCC-7-build_toolchain_docker-775_20180622_1529687456/src/gcc/configure --target=arm-none-eabi --prefix=/tmp/jenkins/jenkins-GCC-7-build_toolchain_docker-775_20180622_1529687456/install-native --libexecdir=/tmp/jenkins/jenkins-GCC-7-build_toolchain_docker-775_20180622_1529687456/install-native/lib --infodir=/tmp/jenkins/jenkins-GCC-7-build_toolchain_docker-775_20180622_1529687456/install-native/share/doc/gcc-arm-none-eabi/info --mandir=/tmp/jenkins/jenkins-GCC-7-build_toolchain_docker-775_20180622_1529687456/install-native/share/doc/gcc-arm-none-eabi/man --htmldir=/tmp/jenkins/jenkins-GCC-7-build_toolchain_docker-775_20180622_1529687456/install-native/share/doc/gcc-arm-none-eabi/html --pdfdir=/tmp/jenkins/jenkins-GCC-7-build_toolchain_docker-775_20180622_1529687456/install-native/share/doc/gcc-arm-none-eabi/pdf --enable-languages=c,c++ --enable-plugins --disable-decimal-float --disable-libffi --disable-libgomp --disable-libmudflap --disable-libquadmath --disable-libssp --disable-libstdcxx-pch --disable-nls --disable-shared --disable-threads --disable-tls --with-gnu-as --with-gnu-ld --with-newlib --with-headers=yes --with-python-dir=share/gcc-arm-none-eabi --with-sysroot=/tmp/jenkins/jenkins-GCC-7-build_toolchain_docker-775_20180622_1529687456/install-native/arm-none-eabi --build=x86_64-linux-gnu --host=x86_64-linux-gnu --with-gmp=/tmp/jenkins/jenkins-GCC-7-build_toolchain_docker-775_20180622_1529687456/build-native/host-libs/usr --with-mpfr=/tmp/jenkins/jenkins-GCC-7-build_toolchain_docker-775_20180622_1529687456/build-native/host-libs/usr --with-mpc=/tmp/jenkins/jenkins-GCC-7-build_toolchain_docker-775_20180622_1529687456/build-native/host-libs/usr --with-isl=/tmp/jenkins/jenkins-GCC-7-build_toolchain_docker-775_20180622_1529687456/build-native/host-libs/usr --with-libelf=/tmp/jenkins/jenkins-GCC-7-build_toolchain_docker-775_20180622_1529687456/build-native/host-libs/usr --with-host-libstdcxx='-static-libgcc -Wl,-Bstatic,-lstdc++,-Bdynamic -lm' --with-pkgversion='GNU Tools for Arm Embedded Processors 7-2018-q2-update' --with-multilib-list=rmprofile]
  ignore line: [Thread model: single]
  ignore line: [gcc version 7.3.1 20180622 (release) [ARM/embedded-7-branch revision 261907] (GNU Tools for Arm Embedded Processors 7-2018-q2-update) ]
  ignore line: [COMPILER_PATH=/opt/toolchains/gcc-arm-none-eabi-7-2018-q2-update/bin/../lib/gcc/arm-none-eabi/7.3.1/:/opt/toolchains/gcc-arm-none-eabi-7-2018-q2-update/bin/../lib/gcc/:/opt/toolchains/gcc-arm-none-eabi-7-2018-q2-update/bin/../lib/gcc/arm-none-eabi/7.3.1/../../../../arm-none-eabi/bin/]
  ignore line: [LIBRARY_PATH=/opt/toolchains/gcc-arm-none-eabi-7-2018-q2-update/bin/../lib/gcc/arm-none-eabi/7.3.1/thumb/v7-m/:/opt/toolchains/gcc-arm-none-eabi-7-2018-q2-update/bin/../lib/gcc/arm-none-eabi/7.3.1/../../../../arm-none-eabi/lib/thumb/v7-m/:/opt/toolchains/gcc-arm-none-eabi-7-2018-q2-update/bin/../arm-none-eabi/lib/thumb/v7-m/:/opt/toolchains/gcc-arm-none-eabi-7-2018-q2-update/bin/../lib/gcc/arm-none-eabi/7.3.1/:/opt/toolchains/gcc-arm-none-eabi-7-2018-q2-update/bin/../lib/gcc/:/opt/toolchains/gcc-arm-none-eabi-7-2018-q2-update/bin/../lib/gcc/arm-none-eabi/7.3.1/../../../../arm-none-eabi/lib/:/opt/toolchains/gcc-arm-none-eabi-7-2018-q2-update/bin/../arm-none-eabi/lib/]
  ignore line: [COLLECT_GCC_OPTIONS='-mthumb' '-mcpu=cortex-m3' '-mlittle-endian' '-specs=nosys.specs' '-mthumb' '-mcpu=cortex-m3' '-mlittle-endian' '-mthumb-interwork' '-v' '-o' 'cmTC_31606']
  link line: [ /opt/toolchains/gcc-arm-none-eabi-7-2018-q2-update/bin/../lib/gcc/arm-none-eabi/7.3.1/collect2 -plugin /opt/toolchains/gcc-arm-none-eabi-7-2018-q2-update/bin/../lib/gcc/arm-none-eabi/7.3.1/liblto_plugin.so -plugin-opt=/opt/toolchains/gcc-arm-none-eabi-7-2018-q2-update/bin/../lib/gcc/arm-none-eabi/7.3.1/lto-wrapper -plugin-opt=-fresolution=/tmp/cc3RR4Ta.res -plugin-opt=-pass-through=-lgcc -plugin-opt=-pass-through=-lc -plugin-opt=-pass-through=-lgcc -plugin-opt=-pass-through=-lc -plugin-opt=-pass-through=-lnosys --sysroot=/opt/toolchains/gcc-arm-none-eabi-7-2018-q2-update/bin/../arm-none-eabi -EL -X -o cmTC_31606 /opt/toolchains/gcc-arm-none-eabi-7-2018-q2-update/bin/../lib/gcc/arm-none-eabi/7.3.1/thumb/v7-m/crti.o /opt/toolchains/gcc-arm-none-eabi-7-2018-q2-update/bin/../lib/gcc/arm-none-eabi/7.3.1/thumb/v7-m/crtbegin.o /opt/toolchains/gcc-arm-none-eabi-7-2018-q2-update/bin/../lib/gcc/arm-none-eabi/7.3.1/../../../../arm-none-eabi/lib/thumb/v7-m/crt0.o -L/opt/toolchains/gcc-arm-none-eabi-7-2018-q2-update/bin/../lib/gcc/arm-none-eabi/7.3.1/thumb/v7-m -L/opt/toolchains/gcc-arm-none-eabi-7-2018-q2-update/bin/../lib/gcc/arm-none-eabi/7.3.1/../../../../arm-none-eabi/lib/thumb/v7-m -L/opt/toolchains/gcc-arm-none-eabi-7-2018-q2-update/bin/../arm-none-eabi/lib/thumb/v7-m -L/opt/toolchains/gcc-arm-none-eabi-7-2018-q2-update/bin/../lib/gcc/arm-none-eabi/7.3.1 -L/opt/toolchains/gcc-arm-none-eabi-7-2018-q2-update/bin/../lib/gcc -L/opt/toolchains/gcc-arm-none-eabi-7-2018-q2-update/bin/../lib/gcc/arm-none-eabi/7.3.1/../../../../arm-none-eabi/lib -L/opt/toolchains/gcc-arm-none-eabi-7-2018-q2-update/bin/../arm-none-eabi/lib -lm -lc -lnosys -Map=linker.map -cref --gc-sections CMakeFiles/cmTC_31606.dir/CMakeCCompilerABI.c.obj --start-group -lgcc -lc --end-group --start-group -lgcc -lc -lnosys --end-group /opt/toolchains/gcc-arm-none-eabi-7-2018-q2-update/bin/../lib/gcc/arm-none-eabi/7.3.1/thumb/v7-m/crtend.o /opt/toolchains/gcc-arm-none-eabi-7-2018-q2-update/bin/../lib/gcc/arm-none-eabi/7.3.1/thumb/v7-m/crtn.o]
    arg [/opt/toolchains/gcc-arm-none-eabi-7-2018-q2-update/bin/../lib/gcc/arm-none-eabi/7.3.1/collect2] ==> ignore
    arg [-plugin] ==> ignore
    arg [/opt/toolchains/gcc-arm-none-eabi-7-2018-q2-update/bin/../lib/gcc/arm-none-eabi/7.3.1/liblto_plugin.so] ==> ignore
    arg [-plugin-opt=/opt/toolchains/gcc-arm-none-eabi-7-2018-q2-update/bin/../lib/gcc/arm-none-eabi/7.3.1/lto-wrapper] ==> ignore
    arg [-plugin-opt=-fresolution=/tmp/cc3RR4Ta.res] ==> ignore
    arg [-plugin-opt=-pass-through=-lgcc] ==> ignore
    arg [-plugin-opt=-pass-through=-lc] ==> ignore
    arg [-plugin-opt=-pass-through=-lgcc] ==> ignore
    arg [-plugin-opt=-pass-through=-lc] ==> ignore
    arg [-plugin-opt=-pass-through=-lnosys] ==> ignore
    arg [--sysroot=/opt/toolchains/gcc-arm-none-eabi-7-2018-q2-update/bin/../arm-none-eabi] ==> ignore
    arg [-EL] ==> ignore
    arg [-X] ==> ignore
    arg [-o] ==> ignore
    arg [cmTC_31606] ==> ignore
    arg [/opt/toolchains/gcc-arm-none-eabi-7-2018-q2-update/bin/../lib/gcc/arm-none-eabi/7.3.1/thumb/v7-m/crti.o] ==> ignore
    arg [/opt/toolchains/gcc-arm-none-eabi-7-2018-q2-update/bin/../lib/gcc/arm-none-eabi/7.3.1/thumb/v7-m/crtbegin.o] ==> ignore
    arg [/opt/toolchains/gcc-arm-none-eabi-7-2018-q2-update/bin/../lib/gcc/arm-none-eabi/7.3.1/../../../../arm-none-eabi/lib/thumb/v7-m/crt0.o] ==> ignore
    arg [-L/opt/toolchains/gcc-arm-none-eabi-7-2018-q2-update/bin/../lib/gcc/arm-none-eabi/7.3.1/thumb/v7-m] ==> dir [/opt/toolchains/gcc-arm-none-eabi-7-2018-q2-update/bin/../lib/gcc/arm-none-eabi/7.3.1/thumb/v7-m]
    arg [-L/opt/toolchains/gcc-arm-none-eabi-7-2018-q2-update/bin/../lib/gcc/arm-none-eabi/7.3.1/../../../../arm-none-eabi/lib/thumb/v7-m] ==> dir [/opt/toolchains/gcc-arm-none-eabi-7-2018-q2-update/bin/../lib/gcc/arm-none-eabi/7.3.1/../../../../arm-none-eabi/lib/thumb/v7-m]
    arg [-L/opt/toolchains/gcc-arm-none-eabi-7-2018-q2-update/bin/../arm-none-eabi/lib/thumb/v7-m] ==> dir [/opt/toolchains/gcc-arm-none-eabi-7-2018-q2-update/bin/../arm-none-eabi/lib/thumb/v7-m]
    arg [-L/opt/toolchains/gcc-arm-none-eabi-7-2018-q2-update/bin/../lib/gcc/arm-none-eabi/7.3.1] ==> dir [/opt/toolchains/gcc-arm-none-eabi-7-2018-q2-update/bin/../lib/gcc/arm-none-eabi/7.3.1]
    arg [-L/opt/toolchains/gcc-arm-none-eabi-7-2018-q2-update/bin/../lib/gcc] ==> dir [/opt/toolchains/gcc-arm-none-eabi-7-2018-q2-update/bin/../lib/gcc]
    arg [-L/opt/toolchains/gcc-arm-none-eabi-7-2018-q2-update/bin/../lib/gcc/arm-none-eabi/7.3.1/../../../../arm-none-eabi/lib] ==> dir [/opt/toolchains/gcc-arm-none-eabi-7-2018-q2-update/bin/../lib/gcc/arm-none-eabi/7.3.1/../../../../arm-none-eabi/lib]
    arg [-L/opt/toolchains/gcc-arm-none-eabi-7-2018-q2-update/bin/../arm-none-eabi/lib] ==> dir [/opt/toolchains/gcc-arm-none-eabi-7-2018-q2-update/bin/../arm-none-eabi/lib]
    arg [-lm] ==> lib [m]
    arg [-lc] ==> lib [c]
    arg [-lnosys] ==> lib [nosys]
    arg [-Map=linker.map] ==> ignore
    arg [-cref] ==> ignore
    arg [--gc-sections] ==> ignore
    arg [CMakeFiles/cmTC_31606.dir/CMakeCCompilerABI.c.obj] ==> ignore
    arg [--start-group] ==> ignore
    arg [-lgcc] ==> lib [gcc]
    arg [-lc] ==> lib [c]
    arg [--end-group] ==> ignore
    arg [--start-group] ==> ignore
    arg [-lgcc] ==> lib [gcc]
    arg [-lc] ==> lib [c]
    arg [-lnosys] ==> lib [nosys]
    arg [--end-group] ==> ignore
    arg [/opt/toolchains/gcc-arm-none-eabi-7-2018-q2-update/bin/../lib/gcc/arm-none-eabi/7.3.1/thumb/v7-m/crtend.o] ==> ignore
    arg [/opt/toolchains/gcc-arm-none-eabi-7-2018-q2-update/bin/../lib/gcc/arm-none-eabi/7.3.1/thumb/v7-m/crtn.o] ==> ignore
  collapse library dir [/opt/toolchains/gcc-arm-none-eabi-7-2018-q2-update/bin/../lib/gcc/arm-none-eabi/7.3.1/thumb/v7-m] ==> [/opt/toolchains/gcc-arm-none-eabi-7-2018-q2-update/lib/gcc/arm-none-eabi/7.3.1/thumb/v7-m]
  collapse library dir [/opt/toolchains/gcc-arm-none-eabi-7-2018-q2-update/bin/../lib/gcc/arm-none-eabi/7.3.1/../../../../arm-none-eabi/lib/thumb/v7-m] ==> [/opt/toolchains/gcc-arm-none-eabi-7-2018-q2-update/arm-none-eabi/lib/thumb/v7-m]
  collapse library dir [/opt/toolchains/gcc-arm-none-eabi-7-2018-q2-update/bin/../arm-none-eabi/lib/thumb/v7-m] ==> [/opt/toolchains/gcc-arm-none-eabi-7-2018-q2-update/arm-none-eabi/lib/thumb/v7-m]
  collapse library dir [/opt/toolchains/gcc-arm-none-eabi-7-2018-q2-update/bin/../lib/gcc/arm-none-eabi/7.3.1] ==> [/opt/toolchains/gcc-arm-none-eabi-7-2018-q2-update/lib/gcc/arm-none-eabi/7.3.1]
  collapse library dir [/opt/toolchains/gcc-arm-none-eabi-7-2018-q2-update/bin/../lib/gcc] ==> [/opt/toolchains/gcc-arm-none-eabi-7-2018-q2-update/lib/gcc]
  collapse library dir [/opt/toolchains/gcc-arm-none-eabi-7-2018-q2-update/bin/../lib/gcc/arm-none-eabi/7.3.1/../../../../arm-none-eabi/lib] ==> [/opt/toolchains/gcc-arm-none-eabi-7-2018-q2-update/arm-none-eabi/lib]
  collapse library dir [/opt/toolchains/gcc-arm-none-eabi-7-2018-q2-update/bin/../arm-none-eabi/lib] ==> [/opt/toolchains/gcc-arm-none-eabi-7-2018-q2-update/arm-none-eabi/lib]
  implicit libs: [m;c;nosys;gcc;c;gcc;c;nosys]
  implicit dirs: [/opt/toolchains/gcc-arm-none-eabi-7-2018-q2-update/lib/gcc/arm-none-eabi/7.3.1/thumb/v7-m;/opt/toolchains/gcc-arm-none-eabi-7-2018-q2-update/arm-none-eabi/lib/thumb/v7-m;/opt/toolchains/gcc-arm-none-eabi-7-2018-q2-update/lib/gcc/arm-none-eabi/7.3.1;/opt/toolchains/gcc-arm-none-eabi-7-2018-q2-update/lib/gcc;/opt/toolchains/gcc-arm-none-eabi-7-2018-q2-update/arm-none-eabi/lib]
  implicit fwks: []




Detecting C [-std=c11] compiler features compiled with the following output:
Change Dir: /rnd/DL/machine-learning-for-embedded/stm32-simple-nn/build-stm32/CMakeFiles/CMakeTmp

Run Build Command:"/usr/bin/make" "cmTC_48ddc/fast"
/usr/bin/make -f CMakeFiles/cmTC_48ddc.dir/build.make CMakeFiles/cmTC_48ddc.dir/build
make[1]: Entering directory '/rnd/DL/machine-learning-for-embedded/stm32-simple-nn/build-stm32/CMakeFiles/CMakeTmp'
Building C object CMakeFiles/cmTC_48ddc.dir/feature_tests.c.obj
/opt/toolchains/gcc-arm-none-eabi-7-2018-q2-update/bin/arm-none-eabi-gcc   -mthumb -mcpu=cortex-m3 -mlittle-endian -mthumb-interwork  -lm -lc -lnosys --specs=nosys.specs     -std=c11 -o CMakeFiles/cmTC_48ddc.dir/feature_tests.c.obj   -c /rnd/DL/machine-learning-for-embedded/stm32-simple-nn/build-stm32/CMakeFiles/feature_tests.c
Linking C executable cmTC_48ddc
/usr/bin/cmake -E cmake_link_script CMakeFiles/cmTC_48ddc.dir/link.txt --verbose=1
/opt/toolchains/gcc-arm-none-eabi-7-2018-q2-update/bin/arm-none-eabi-gcc -mthumb -mcpu=cortex-m3 -mlittle-endian -mthumb-interwork  -lm -lc -lnosys --specs=nosys.specs    -mthumb -mcpu=cortex-m3 -mlittle-endian -mthumb-interwork  -Wl,-Map=linker.map -Wl,-cref -Wl,--gc-sections  CMakeFiles/cmTC_48ddc.dir/feature_tests.c.obj  -o cmTC_48ddc 
make[1]: Leaving directory '/rnd/DL/machine-learning-for-embedded/stm32-simple-nn/build-stm32/CMakeFiles/CMakeTmp'


    Feature record: C_FEATURE:1c_function_prototypes
    Feature record: C_FEATURE:1c_restrict
    Feature record: C_FEATURE:1c_static_assert
    Feature record: C_FEATURE:1c_variadic_macros


Detecting C [-std=c99] compiler features compiled with the following output:
Change Dir: /rnd/DL/machine-learning-for-embedded/stm32-simple-nn/build-stm32/CMakeFiles/CMakeTmp

Run Build Command:"/usr/bin/make" "cmTC_c7fee/fast"
/usr/bin/make -f CMakeFiles/cmTC_c7fee.dir/build.make CMakeFiles/cmTC_c7fee.dir/build
make[1]: Entering directory '/rnd/DL/machine-learning-for-embedded/stm32-simple-nn/build-stm32/CMakeFiles/CMakeTmp'
Building C object CMakeFiles/cmTC_c7fee.dir/feature_tests.c.obj
/opt/toolchains/gcc-arm-none-eabi-7-2018-q2-update/bin/arm-none-eabi-gcc   -mthumb -mcpu=cortex-m3 -mlittle-endian -mthumb-interwork  -lm -lc -lnosys --specs=nosys.specs     -std=c99 -o CMakeFiles/cmTC_c7fee.dir/feature_tests.c.obj   -c /rnd/DL/machine-learning-for-embedded/stm32-simple-nn/build-stm32/CMakeFiles/feature_tests.c
Linking C executable cmTC_c7fee
/usr/bin/cmake -E cmake_link_script CMakeFiles/cmTC_c7fee.dir/link.txt --verbose=1
/opt/toolchains/gcc-arm-none-eabi-7-2018-q2-update/bin/arm-none-eabi-gcc -mthumb -mcpu=cortex-m3 -mlittle-endian -mthumb-interwork  -lm -lc -lnosys --specs=nosys.specs    -mthumb -mcpu=cortex-m3 -mlittle-endian -mthumb-interwork  -Wl,-Map=linker.map -Wl,-cref -Wl,--gc-sections  CMakeFiles/cmTC_c7fee.dir/feature_tests.c.obj  -o cmTC_c7fee 
make[1]: Leaving directory '/rnd/DL/machine-learning-for-embedded/stm32-simple-nn/build-stm32/CMakeFiles/CMakeTmp'


    Feature record: C_FEATURE:1c_function_prototypes
    Feature record: C_FEATURE:1c_restrict
    Feature record: C_FEATURE:0c_static_assert
    Feature record: C_FEATURE:1c_variadic_macros


Detecting C [-std=c90] compiler features compiled with the following output:
Change Dir: /rnd/DL/machine-learning-for-embedded/stm32-simple-nn/build-stm32/CMakeFiles/CMakeTmp

Run Build Command:"/usr/bin/make" "cmTC_d6067/fast"
/usr/bin/make -f CMakeFiles/cmTC_d6067.dir/build.make CMakeFiles/cmTC_d6067.dir/build
make[1]: Entering directory '/rnd/DL/machine-learning-for-embedded/stm32-simple-nn/build-stm32/CMakeFiles/CMakeTmp'
Building C object CMakeFiles/cmTC_d6067.dir/feature_tests.c.obj
/opt/toolchains/gcc-arm-none-eabi-7-2018-q2-update/bin/arm-none-eabi-gcc   -mthumb -mcpu=cortex-m3 -mlittle-endian -mthumb-interwork  -lm -lc -lnosys --specs=nosys.specs     -std=c90 -o CMakeFiles/cmTC_d6067.dir/feature_tests.c.obj   -c /rnd/DL/machine-learning-for-embedded/stm32-simple-nn/build-stm32/CMakeFiles/feature_tests.c
Linking C executable cmTC_d6067
/usr/bin/cmake -E cmake_link_script CMakeFiles/cmTC_d6067.dir/link.txt --verbose=1
/opt/toolchains/gcc-arm-none-eabi-7-2018-q2-update/bin/arm-none-eabi-gcc -mthumb -mcpu=cortex-m3 -mlittle-endian -mthumb-interwork  -lm -lc -lnosys --specs=nosys.specs    -mthumb -mcpu=cortex-m3 -mlittle-endian -mthumb-interwork  -Wl,-Map=linker.map -Wl,-cref -Wl,--gc-sections  CMakeFiles/cmTC_d6067.dir/feature_tests.c.obj  -o cmTC_d6067 
make[1]: Leaving directory '/rnd/DL/machine-learning-for-embedded/stm32-simple-nn/build-stm32/CMakeFiles/CMakeTmp'


    Feature record: C_FEATURE:1c_function_prototypes
    Feature record: C_FEATURE:0c_restrict
    Feature record: C_FEATURE:0c_static_assert
    Feature record: C_FEATURE:0c_variadic_macros
Determining if the CXX compiler works passed with the following output:
Change Dir: /rnd/DL/machine-learning-for-embedded/stm32-simple-nn/build-stm32/CMakeFiles/CMakeTmp

Run Build Command:"/usr/bin/make" "cmTC_465e6/fast"
/usr/bin/make -f CMakeFiles/cmTC_465e6.dir/build.make CMakeFiles/cmTC_465e6.dir/build
make[1]: Entering directory '/rnd/DL/machine-learning-for-embedded/stm32-simple-nn/build-stm32/CMakeFiles/CMakeTmp'
Building CXX object CMakeFiles/cmTC_465e6.dir/testCXXCompiler.cxx.obj
/opt/toolchains/gcc-arm-none-eabi-7-2018-q2-update/bin/arm-none-eabi-g++    -mthumb -mcpu=cortex-m3 -mlittle-endian -mthumb-interwork  -lm -lc -lnosys --specs=nosys.specs     -o CMakeFiles/cmTC_465e6.dir/testCXXCompiler.cxx.obj -c /rnd/DL/machine-learning-for-embedded/stm32-simple-nn/build-stm32/CMakeFiles/CMakeTmp/testCXXCompiler.cxx
Linking CXX executable cmTC_465e6
/usr/bin/cmake -E cmake_link_script CMakeFiles/cmTC_465e6.dir/link.txt --verbose=1
/opt/toolchains/gcc-arm-none-eabi-7-2018-q2-update/bin/arm-none-eabi-g++  -mthumb -mcpu=cortex-m3 -mlittle-endian -mthumb-interwork  -lm -lc -lnosys --specs=nosys.specs    -mthumb -mcpu=cortex-m3 -mlittle-endian -mthumb-interwork  -Wl,-Map=linker.map -Wl,-cref -Wl,--gc-sections  CMakeFiles/cmTC_465e6.dir/testCXXCompiler.cxx.obj  -o cmTC_465e6 
make[1]: Leaving directory '/rnd/DL/machine-learning-for-embedded/stm32-simple-nn/build-stm32/CMakeFiles/CMakeTmp'


Detecting CXX compiler ABI info compiled with the following output:
Change Dir: /rnd/DL/machine-learning-for-embedded/stm32-simple-nn/build-stm32/CMakeFiles/CMakeTmp

Run Build Command:"/usr/bin/make" "cmTC_a2231/fast"
/usr/bin/make -f CMakeFiles/cmTC_a2231.dir/build.make CMakeFiles/cmTC_a2231.dir/build
make[1]: Entering directory '/rnd/DL/machine-learning-for-embedded/stm32-simple-nn/build-stm32/CMakeFiles/CMakeTmp'
Building CXX object CMakeFiles/cmTC_a2231.dir/CMakeCXXCompilerABI.cpp.obj
/opt/toolchains/gcc-arm-none-eabi-7-2018-q2-update/bin/arm-none-eabi-g++    -mthumb -mcpu=cortex-m3 -mlittle-endian -mthumb-interwork  -lm -lc -lnosys --specs=nosys.specs     -o CMakeFiles/cmTC_a2231.dir/CMakeCXXCompilerABI.cpp.obj -c /usr/share/cmake-3.10/Modules/CMakeCXXCompilerABI.cpp
Linking CXX executable cmTC_a2231
/usr/bin/cmake -E cmake_link_script CMakeFiles/cmTC_a2231.dir/link.txt --verbose=1
/opt/toolchains/gcc-arm-none-eabi-7-2018-q2-update/bin/arm-none-eabi-g++  -mthumb -mcpu=cortex-m3 -mlittle-endian -mthumb-interwork  -lm -lc -lnosys --specs=nosys.specs    -mthumb -mcpu=cortex-m3 -mlittle-endian -mthumb-interwork  -Wl,-Map=linker.map -Wl,-cref -Wl,--gc-sections -v CMakeFiles/cmTC_a2231.dir/CMakeCXXCompilerABI.cpp.obj  -o cmTC_a2231 
Using built-in specs.
Reading specs from /opt/toolchains/gcc-arm-none-eabi-7-2018-q2-update/bin/../lib/gcc/arm-none-eabi/7.3.1/../../../../arm-none-eabi/lib/nosys.specs
rename spec link_gcc_c_sequence to nosys_link_gcc_c_sequence
COLLECT_GCC=/opt/toolchains/gcc-arm-none-eabi-7-2018-q2-update/bin/arm-none-eabi-g++
COLLECT_LTO_WRAPPER=/opt/toolchains/gcc-arm-none-eabi-7-2018-q2-update/bin/../lib/gcc/arm-none-eabi/7.3.1/lto-wrapper
Target: arm-none-eabi
Configured with: /tmp/jenkins/jenkins-GCC-7-build_toolchain_docker-775_20180622_1529687456/src/gcc/configure --target=arm-none-eabi --prefix=/tmp/jenkins/jenkins-GCC-7-build_toolchain_docker-775_20180622_1529687456/install-native --libexecdir=/tmp/jenkins/jenkins-GCC-7-build_toolchain_docker-775_20180622_1529687456/install-native/lib --infodir=/tmp/jenkins/jenkins-GCC-7-build_toolchain_docker-775_20180622_1529687456/install-native/share/doc/gcc-arm-none-eabi/info --mandir=/tmp/jenkins/jenkins-GCC-7-build_toolchain_docker-775_20180622_1529687456/install-native/share/doc/gcc-arm-none-eabi/man --htmldir=/tmp/jenkins/jenkins-GCC-7-build_toolchain_docker-775_20180622_1529687456/install-native/share/doc/gcc-arm-none-eabi/html --pdfdir=/tmp/jenkins/jenkins-GCC-7-build_toolchain_docker-775_20180622_1529687456/install-native/share/doc/gcc-arm-none-eabi/pdf --enable-languages=c,c++ --enable-plugins --disable-decimal-float --disable-libffi --disable-libgomp --disable-libmudflap --disable-libquadmath --disable-libssp --disable-libstdcxx-pch --disable-nls --disable-shared --disable-threads --disable-tls --with-gnu-as --with-gnu-ld --with-newlib --with-headers=yes --with-python-dir=share/gcc-arm-none-eabi --with-sysroot=/tmp/jenkins/jenkins-GCC-7-build_toolchain_docker-775_20180622_1529687456/install-native/arm-none-eabi --build=x86_64-linux-gnu --host=x86_64-linux-gnu --with-gmp=/tmp/jenkins/jenkins-GCC-7-build_toolchain_docker-775_20180622_1529687456/build-native/host-libs/usr --with-mpfr=/tmp/jenkins/jenkins-GCC-7-build_toolchain_docker-775_20180622_1529687456/build-native/host-libs/usr --with-mpc=/tmp/jenkins/jenkins-GCC-7-build_toolchain_docker-775_20180622_1529687456/build-native/host-libs/usr --with-isl=/tmp/jenkins/jenkins-GCC-7-build_toolchain_docker-775_20180622_1529687456/build-native/host-libs/usr --with-libelf=/tmp/jenkins/jenkins-GCC-7-build_toolchain_docker-775_20180622_1529687456/build-native/host-libs/usr --with-host-libstdcxx='-static-libgcc -Wl,-Bstatic,-lstdc++,-Bdynamic -lm' --with-pkgversion='GNU Tools for Arm Embedded Processors 7-2018-q2-update' --with-multilib-list=rmprofile
Thread model: single
gcc version 7.3.1 20180622 (release) [ARM/embedded-7-branch revision 261907] (GNU Tools for Arm Embedded Processors 7-2018-q2-update) 
COMPILER_PATH=/opt/toolchains/gcc-arm-none-eabi-7-2018-q2-update/bin/../lib/gcc/arm-none-eabi/7.3.1/:/opt/toolchains/gcc-arm-none-eabi-7-2018-q2-update/bin/../lib/gcc/:/opt/toolchains/gcc-arm-none-eabi-7-2018-q2-update/bin/../lib/gcc/arm-none-eabi/7.3.1/../../../../arm-none-eabi/bin/
LIBRARY_PATH=/opt/toolchains/gcc-arm-none-eabi-7-2018-q2-update/bin/../lib/gcc/arm-none-eabi/7.3.1/thumb/v7-m/:/opt/toolchains/gcc-arm-none-eabi-7-2018-q2-update/bin/../lib/gcc/arm-none-eabi/7.3.1/../../../../arm-none-eabi/lib/thumb/v7-m/:/opt/toolchains/gcc-arm-none-eabi-7-2018-q2-update/bin/../arm-none-eabi/lib/thumb/v7-m/:/opt/toolchains/gcc-arm-none-eabi-7-2018-q2-update/bin/../lib/gcc/arm-none-eabi/7.3.1/:/opt/toolchains/gcc-arm-none-eabi-7-2018-q2-update/bin/../lib/gcc/:/opt/toolchains/gcc-arm-none-eabi-7-2018-q2-update/bin/../lib/gcc/arm-none-eabi/7.3.1/../../../../arm-none-eabi/lib/:/opt/toolchains/gcc-arm-none-eabi-7-2018-q2-update/bin/../arm-none-eabi/lib/
COLLECT_GCC_OPTIONS='-mthumb' '-mcpu=cortex-m3' '-mlittle-endian' '-specs=nosys.specs' '-mthumb' '-mcpu=cortex-m3' '-mlittle-endian' '-mthumb-interwork' '-v' '-o' 'cmTC_a2231'
 /opt/toolchains/gcc-arm-none-eabi-7-2018-q2-update/bin/../lib/gcc/arm-none-eabi/7.3.1/collect2 -plugin /opt/toolchains/gcc-arm-none-eabi-7-2018-q2-update/bin/../lib/gcc/arm-none-eabi/7.3.1/liblto_plugin.so -plugin-opt=/opt/toolchains/gcc-arm-none-eabi-7-2018-q2-update/bin/../lib/gcc/arm-none-eabi/7.3.1/lto-wrapper -plugin-opt=-fresolution=/tmp/ccw5QkAF.res -plugin-opt=-pass-through=-lgcc -plugin-opt=-pass-through=-lc -plugin-opt=-pass-through=-lgcc -plugin-opt=-pass-through=-lc -plugin-opt=-pass-through=-lnosys --sysroot=/opt/toolchains/gcc-arm-none-eabi-7-2018-q2-update/bin/../arm-none-eabi -EL -X -o cmTC_a2231 /opt/toolchains/gcc-arm-none-eabi-7-2018-q2-update/bin/../lib/gcc/arm-none-eabi/7.3.1/thumb/v7-m/crti.o /opt/toolchains/gcc-arm-none-eabi-7-2018-q2-update/bin/../lib/gcc/arm-none-eabi/7.3.1/thumb/v7-m/crtbegin.o /opt/toolchains/gcc-arm-none-eabi-7-2018-q2-update/bin/../lib/gcc/arm-none-eabi/7.3.1/../../../../arm-none-eabi/lib/thumb/v7-m/crt0.o -L/opt/toolchains/gcc-arm-none-eabi-7-2018-q2-update/bin/../lib/gcc/arm-none-eabi/7.3.1/thumb/v7-m -L/opt/toolchains/gcc-arm-none-eabi-7-2018-q2-update/bin/../lib/gcc/arm-none-eabi/7.3.1/../../../../arm-none-eabi/lib/thumb/v7-m -L/opt/toolchains/gcc-arm-none-eabi-7-2018-q2-update/bin/../arm-none-eabi/lib/thumb/v7-m -L/opt/toolchains/gcc-arm-none-eabi-7-2018-q2-update/bin/../lib/gcc/arm-none-eabi/7.3.1 -L/opt/toolchains/gcc-arm-none-eabi-7-2018-q2-update/bin/../lib/gcc -L/opt/toolchains/gcc-arm-none-eabi-7-2018-q2-update/bin/../lib/gcc/arm-none-eabi/7.3.1/../../../../arm-none-eabi/lib -L/opt/toolchains/gcc-arm-none-eabi-7-2018-q2-update/bin/../arm-none-eabi/lib -lnosys -Map=linker.map -cref --gc-sections CMakeFiles/cmTC_a2231.dir/CMakeCXXCompilerABI.cpp.obj -lstdc++ -lm -lc --start-group -lgcc -lc --end-group --start-group -lgcc -lc -lnosys --end-group /opt/toolchains/gcc-arm-none-eabi-7-2018-q2-update/bin/../lib/gcc/arm-none-eabi/7.3.1/thumb/v7-m/crtend.o /opt/toolchains/gcc-arm-none-eabi-7-2018-q2-update/bin/../lib/gcc/arm-none-eabi/7.3.1/thumb/v7-m/crtn.o
COLLECT_GCC_OPTIONS='-mthumb' '-mcpu=cortex-m3' '-mlittle-endian' '-specs=nosys.specs' '-mthumb' '-mcpu=cortex-m3' '-mlittle-endian' '-mthumb-interwork' '-v' '-o' 'cmTC_a2231'
make[1]: Leaving directory '/rnd/DL/machine-learning-for-embedded/stm32-simple-nn/build-stm32/CMakeFiles/CMakeTmp'


Parsed CXX implicit link information from above output:
  link line regex: [^( *|.*[/\])(arm-none-eabi-ld|CMAKE_LINK_STARTFILE-NOTFOUND|([^/\]+-)?ld|collect2)[^/\]*( |$)]
  ignore line: [Change Dir: /rnd/DL/machine-learning-for-embedded/stm32-simple-nn/build-stm32/CMakeFiles/CMakeTmp]
  ignore line: []
  ignore line: [Run Build Command:"/usr/bin/make" "cmTC_a2231/fast"]
  ignore line: [/usr/bin/make -f CMakeFiles/cmTC_a2231.dir/build.make CMakeFiles/cmTC_a2231.dir/build]
  ignore line: [make[1]: Entering directory '/rnd/DL/machine-learning-for-embedded/stm32-simple-nn/build-stm32/CMakeFiles/CMakeTmp']
  ignore line: [Building CXX object CMakeFiles/cmTC_a2231.dir/CMakeCXXCompilerABI.cpp.obj]
  ignore line: [/opt/toolchains/gcc-arm-none-eabi-7-2018-q2-update/bin/arm-none-eabi-g++    -mthumb -mcpu=cortex-m3 -mlittle-endian -mthumb-interwork  -lm -lc -lnosys --specs=nosys.specs     -o CMakeFiles/cmTC_a2231.dir/CMakeCXXCompilerABI.cpp.obj -c /usr/share/cmake-3.10/Modules/CMakeCXXCompilerABI.cpp]
  ignore line: [Linking CXX executable cmTC_a2231]
  ignore line: [/usr/bin/cmake -E cmake_link_script CMakeFiles/cmTC_a2231.dir/link.txt --verbose=1]
  ignore line: [/opt/toolchains/gcc-arm-none-eabi-7-2018-q2-update/bin/arm-none-eabi-g++  -mthumb -mcpu=cortex-m3 -mlittle-endian -mthumb-interwork  -lm -lc -lnosys --specs=nosys.specs    -mthumb -mcpu=cortex-m3 -mlittle-endian -mthumb-interwork  -Wl,-Map=linker.map -Wl,-cref -Wl,--gc-sections -v CMakeFiles/cmTC_a2231.dir/CMakeCXXCompilerABI.cpp.obj  -o cmTC_a2231 ]
  ignore line: [Using built-in specs.]
  ignore line: [Reading specs from /opt/toolchains/gcc-arm-none-eabi-7-2018-q2-update/bin/../lib/gcc/arm-none-eabi/7.3.1/../../../../arm-none-eabi/lib/nosys.specs]
  ignore line: [rename spec link_gcc_c_sequence to nosys_link_gcc_c_sequence]
  ignore line: [COLLECT_GCC=/opt/toolchains/gcc-arm-none-eabi-7-2018-q2-update/bin/arm-none-eabi-g++]
  ignore line: [COLLECT_LTO_WRAPPER=/opt/toolchains/gcc-arm-none-eabi-7-2018-q2-update/bin/../lib/gcc/arm-none-eabi/7.3.1/lto-wrapper]
  ignore line: [Target: arm-none-eabi]
  ignore line: [Configured with: /tmp/jenkins/jenkins-GCC-7-build_toolchain_docker-775_20180622_1529687456/src/gcc/configure --target=arm-none-eabi --prefix=/tmp/jenkins/jenkins-GCC-7-build_toolchain_docker-775_20180622_1529687456/install-native --libexecdir=/tmp/jenkins/jenkins-GCC-7-build_toolchain_docker-775_20180622_1529687456/install-native/lib --infodir=/tmp/jenkins/jenkins-GCC-7-build_toolchain_docker-775_20180622_1529687456/install-native/share/doc/gcc-arm-none-eabi/info --mandir=/tmp/jenkins/jenkins-GCC-7-build_toolchain_docker-775_20180622_1529687456/install-native/share/doc/gcc-arm-none-eabi/man --htmldir=/tmp/jenkins/jenkins-GCC-7-build_toolchain_docker-775_20180622_1529687456/install-native/share/doc/gcc-arm-none-eabi/html --pdfdir=/tmp/jenkins/jenkins-GCC-7-build_toolchain_docker-775_20180622_1529687456/install-native/share/doc/gcc-arm-none-eabi/pdf --enable-languages=c,c++ --enable-plugins --disable-decimal-float --disable-libffi --disable-libgomp --disable-libmudflap --disable-libquadmath --disable-libssp --disable-libstdcxx-pch --disable-nls --disable-shared --disable-threads --disable-tls --with-gnu-as --with-gnu-ld --with-newlib --with-headers=yes --with-python-dir=share/gcc-arm-none-eabi --with-sysroot=/tmp/jenkins/jenkins-GCC-7-build_toolchain_docker-775_20180622_1529687456/install-native/arm-none-eabi --build=x86_64-linux-gnu --host=x86_64-linux-gnu --with-gmp=/tmp/jenkins/jenkins-GCC-7-build_toolchain_docker-775_20180622_1529687456/build-native/host-libs/usr --with-mpfr=/tmp/jenkins/jenkins-GCC-7-build_toolchain_docker-775_20180622_1529687456/build-native/host-libs/usr --with-mpc=/tmp/jenkins/jenkins-GCC-7-build_toolchain_docker-775_20180622_1529687456/build-native/host-libs/usr --with-isl=/tmp/jenkins/jenkins-GCC-7-build_toolchain_docker-775_20180622_1529687456/build-native/host-libs/usr --with-libelf=/tmp/jenkins/jenkins-GCC-7-build_toolchain_docker-775_20180622_1529687456/build-native/host-libs/usr --with-host-libstdcxx='-static-libgcc -Wl,-Bstatic,-lstdc++,-Bdynamic -lm' --with-pkgversion='GNU Tools for Arm Embedded Processors 7-2018-q2-update' --with-multilib-list=rmprofile]
  ignore line: [Thread model: single]
  ignore line: [gcc version 7.3.1 20180622 (release) [ARM/embedded-7-branch revision 261907] (GNU Tools for Arm Embedded Processors 7-2018-q2-update) ]
  ignore line: [COMPILER_PATH=/opt/toolchains/gcc-arm-none-eabi-7-2018-q2-update/bin/../lib/gcc/arm-none-eabi/7.3.1/:/opt/toolchains/gcc-arm-none-eabi-7-2018-q2-update/bin/../lib/gcc/:/opt/toolchains/gcc-arm-none-eabi-7-2018-q2-update/bin/../lib/gcc/arm-none-eabi/7.3.1/../../../../arm-none-eabi/bin/]
  ignore line: [LIBRARY_PATH=/opt/toolchains/gcc-arm-none-eabi-7-2018-q2-update/bin/../lib/gcc/arm-none-eabi/7.3.1/thumb/v7-m/:/opt/toolchains/gcc-arm-none-eabi-7-2018-q2-update/bin/../lib/gcc/arm-none-eabi/7.3.1/../../../../arm-none-eabi/lib/thumb/v7-m/:/opt/toolchains/gcc-arm-none-eabi-7-2018-q2-update/bin/../arm-none-eabi/lib/thumb/v7-m/:/opt/toolchains/gcc-arm-none-eabi-7-2018-q2-update/bin/../lib/gcc/arm-none-eabi/7.3.1/:/opt/toolchains/gcc-arm-none-eabi-7-2018-q2-update/bin/../lib/gcc/:/opt/toolchains/gcc-arm-none-eabi-7-2018-q2-update/bin/../lib/gcc/arm-none-eabi/7.3.1/../../../../arm-none-eabi/lib/:/opt/toolchains/gcc-arm-none-eabi-7-2018-q2-update/bin/../arm-none-eabi/lib/]
  ignore line: [COLLECT_GCC_OPTIONS='-mthumb' '-mcpu=cortex-m3' '-mlittle-endian' '-specs=nosys.specs' '-mthumb' '-mcpu=cortex-m3' '-mlittle-endian' '-mthumb-interwork' '-v' '-o' 'cmTC_a2231']
  link line: [ /opt/toolchains/gcc-arm-none-eabi-7-2018-q2-update/bin/../lib/gcc/arm-none-eabi/7.3.1/collect2 -plugin /opt/toolchains/gcc-arm-none-eabi-7-2018-q2-update/bin/../lib/gcc/arm-none-eabi/7.3.1/liblto_plugin.so -plugin-opt=/opt/toolchains/gcc-arm-none-eabi-7-2018-q2-update/bin/../lib/gcc/arm-none-eabi/7.3.1/lto-wrapper -plugin-opt=-fresolution=/tmp/ccw5QkAF.res -plugin-opt=-pass-through=-lgcc -plugin-opt=-pass-through=-lc -plugin-opt=-pass-through=-lgcc -plugin-opt=-pass-through=-lc -plugin-opt=-pass-through=-lnosys --sysroot=/opt/toolchains/gcc-arm-none-eabi-7-2018-q2-update/bin/../arm-none-eabi -EL -X -o cmTC_a2231 /opt/toolchains/gcc-arm-none-eabi-7-2018-q2-update/bin/../lib/gcc/arm-none-eabi/7.3.1/thumb/v7-m/crti.o /opt/toolchains/gcc-arm-none-eabi-7-2018-q2-update/bin/../lib/gcc/arm-none-eabi/7.3.1/thumb/v7-m/crtbegin.o /opt/toolchains/gcc-arm-none-eabi-7-2018-q2-update/bin/../lib/gcc/arm-none-eabi/7.3.1/../../../../arm-none-eabi/lib/thumb/v7-m/crt0.o -L/opt/toolchains/gcc-arm-none-eabi-7-2018-q2-update/bin/../lib/gcc/arm-none-eabi/7.3.1/thumb/v7-m -L/opt/toolchains/gcc-arm-none-eabi-7-2018-q2-update/bin/../lib/gcc/arm-none-eabi/7.3.1/../../../../arm-none-eabi/lib/thumb/v7-m -L/opt/toolchains/gcc-arm-none-eabi-7-2018-q2-update/bin/../arm-none-eabi/lib/thumb/v7-m -L/opt/toolchains/gcc-arm-none-eabi-7-2018-q2-update/bin/../lib/gcc/arm-none-eabi/7.3.1 -L/opt/toolchains/gcc-arm-none-eabi-7-2018-q2-update/bin/../lib/gcc -L/opt/toolchains/gcc-arm-none-eabi-7-2018-q2-update/bin/../lib/gcc/arm-none-eabi/7.3.1/../../../../arm-none-eabi/lib -L/opt/toolchains/gcc-arm-none-eabi-7-2018-q2-update/bin/../arm-none-eabi/lib -lnosys -Map=linker.map -cref --gc-sections CMakeFiles/cmTC_a2231.dir/CMakeCXXCompilerABI.cpp.obj -lstdc++ -lm -lc --start-group -lgcc -lc --end-group --start-group -lgcc -lc -lnosys --end-group /opt/toolchains/gcc-arm-none-eabi-7-2018-q2-update/bin/../lib/gcc/arm-none-eabi/7.3.1/thumb/v7-m/crtend.o /opt/toolchains/gcc-arm-none-eabi-7-2018-q2-update/bin/../lib/gcc/arm-none-eabi/7.3.1/thumb/v7-m/crtn.o]
    arg [/opt/toolchains/gcc-arm-none-eabi-7-2018-q2-update/bin/../lib/gcc/arm-none-eabi/7.3.1/collect2] ==> ignore
    arg [-plugin] ==> ignore
    arg [/opt/toolchains/gcc-arm-none-eabi-7-2018-q2-update/bin/../lib/gcc/arm-none-eabi/7.3.1/liblto_plugin.so] ==> ignore
    arg [-plugin-opt=/opt/toolchains/gcc-arm-none-eabi-7-2018-q2-update/bin/../lib/gcc/arm-none-eabi/7.3.1/lto-wrapper] ==> ignore
    arg [-plugin-opt=-fresolution=/tmp/ccw5QkAF.res] ==> ignore
    arg [-plugin-opt=-pass-through=-lgcc] ==> ignore
    arg [-plugin-opt=-pass-through=-lc] ==> ignore
    arg [-plugin-opt=-pass-through=-lgcc] ==> ignore
    arg [-plugin-opt=-pass-through=-lc] ==> ignore
    arg [-plugin-opt=-pass-through=-lnosys] ==> ignore
    arg [--sysroot=/opt/toolchains/gcc-arm-none-eabi-7-2018-q2-update/bin/../arm-none-eabi] ==> ignore
    arg [-EL] ==> ignore
    arg [-X] ==> ignore
    arg [-o] ==> ignore
    arg [cmTC_a2231] ==> ignore
    arg [/opt/toolchains/gcc-arm-none-eabi-7-2018-q2-update/bin/../lib/gcc/arm-none-eabi/7.3.1/thumb/v7-m/crti.o] ==> ignore
    arg [/opt/toolchains/gcc-arm-none-eabi-7-2018-q2-update/bin/../lib/gcc/arm-none-eabi/7.3.1/thumb/v7-m/crtbegin.o] ==> ignore
    arg [/opt/toolchains/gcc-arm-none-eabi-7-2018-q2-update/bin/../lib/gcc/arm-none-eabi/7.3.1/../../../../arm-none-eabi/lib/thumb/v7-m/crt0.o] ==> ignore
    arg [-L/opt/toolchains/gcc-arm-none-eabi-7-2018-q2-update/bin/../lib/gcc/arm-none-eabi/7.3.1/thumb/v7-m] ==> dir [/opt/toolchains/gcc-arm-none-eabi-7-2018-q2-update/bin/../lib/gcc/arm-none-eabi/7.3.1/thumb/v7-m]
    arg [-L/opt/toolchains/gcc-arm-none-eabi-7-2018-q2-update/bin/../lib/gcc/arm-none-eabi/7.3.1/../../../../arm-none-eabi/lib/thumb/v7-m] ==> dir [/opt/toolchains/gcc-arm-none-eabi-7-2018-q2-update/bin/../lib/gcc/arm-none-eabi/7.3.1/../../../../arm-none-eabi/lib/thumb/v7-m]
    arg [-L/opt/toolchains/gcc-arm-none-eabi-7-2018-q2-update/bin/../arm-none-eabi/lib/thumb/v7-m] ==> dir [/opt/toolchains/gcc-arm-none-eabi-7-2018-q2-update/bin/../arm-none-eabi/lib/thumb/v7-m]
    arg [-L/opt/toolchains/gcc-arm-none-eabi-7-2018-q2-update/bin/../lib/gcc/arm-none-eabi/7.3.1] ==> dir [/opt/toolchains/gcc-arm-none-eabi-7-2018-q2-update/bin/../lib/gcc/arm-none-eabi/7.3.1]
    arg [-L/opt/toolchains/gcc-arm-none-eabi-7-2018-q2-update/bin/../lib/gcc] ==> dir [/opt/toolchains/gcc-arm-none-eabi-7-2018-q2-update/bin/../lib/gcc]
    arg [-L/opt/toolchains/gcc-arm-none-eabi-7-2018-q2-update/bin/../lib/gcc/arm-none-eabi/7.3.1/../../../../arm-none-eabi/lib] ==> dir [/opt/toolchains/gcc-arm-none-eabi-7-2018-q2-update/bin/../lib/gcc/arm-none-eabi/7.3.1/../../../../arm-none-eabi/lib]
    arg [-L/opt/toolchains/gcc-arm-none-eabi-7-2018-q2-update/bin/../arm-none-eabi/lib] ==> dir [/opt/toolchains/gcc-arm-none-eabi-7-2018-q2-update/bin/../arm-none-eabi/lib]
    arg [-lnosys] ==> lib [nosys]
    arg [-Map=linker.map] ==> ignore
    arg [-cref] ==> ignore
    arg [--gc-sections] ==> ignore
    arg [CMakeFiles/cmTC_a2231.dir/CMakeCXXCompilerABI.cpp.obj] ==> ignore
    arg [-lstdc++] ==> lib [stdc++]
    arg [-lm] ==> lib [m]
    arg [-lc] ==> lib [c]
    arg [--start-group] ==> ignore
    arg [-lgcc] ==> lib [gcc]
    arg [-lc] ==> lib [c]
    arg [--end-group] ==> ignore
    arg [--start-group] ==> ignore
    arg [-lgcc] ==> lib [gcc]
    arg [-lc] ==> lib [c]
    arg [-lnosys] ==> lib [nosys]
    arg [--end-group] ==> ignore
    arg [/opt/toolchains/gcc-arm-none-eabi-7-2018-q2-update/bin/../lib/gcc/arm-none-eabi/7.3.1/thumb/v7-m/crtend.o] ==> ignore
    arg [/opt/toolchains/gcc-arm-none-eabi-7-2018-q2-update/bin/../lib/gcc/arm-none-eabi/7.3.1/thumb/v7-m/crtn.o] ==> ignore
  collapse library dir [/opt/toolchains/gcc-arm-none-eabi-7-2018-q2-update/bin/../lib/gcc/arm-none-eabi/7.3.1/thumb/v7-m] ==> [/opt/toolchains/gcc-arm-none-eabi-7-2018-q2-update/lib/gcc/arm-none-eabi/7.3.1/thumb/v7-m]
  collapse library dir [/opt/toolchains/gcc-arm-none-eabi-7-2018-q2-update/bin/../lib/gcc/arm-none-eabi/7.3.1/../../../../arm-none-eabi/lib/thumb/v7-m] ==> [/opt/toolchains/gcc-arm-none-eabi-7-2018-q2-update/arm-none-eabi/lib/thumb/v7-m]
  collapse library dir [/opt/toolchains/gcc-arm-none-eabi-7-2018-q2-update/bin/../arm-none-eabi/lib/thumb/v7-m] ==> [/opt/toolchains/gcc-arm-none-eabi-7-2018-q2-update/arm-none-eabi/lib/thumb/v7-m]
  collapse library dir [/opt/toolchains/gcc-arm-none-eabi-7-2018-q2-update/bin/../lib/gcc/arm-none-eabi/7.3.1] ==> [/opt/toolchains/gcc-arm-none-eabi-7-2018-q2-update/lib/gcc/arm-none-eabi/7.3.1]
  collapse library dir [/opt/toolchains/gcc-arm-none-eabi-7-2018-q2-update/bin/../lib/gcc] ==> [/opt/toolchains/gcc-arm-none-eabi-7-2018-q2-update/lib/gcc]
  collapse library dir [/opt/toolchains/gcc-arm-none-eabi-7-2018-q2-update/bin/../lib/gcc/arm-none-eabi/7.3.1/../../../../arm-none-eabi/lib] ==> [/opt/toolchains/gcc-arm-none-eabi-7-2018-q2-update/arm-none-eabi/lib]
  collapse library dir [/opt/toolchains/gcc-arm-none-eabi-7-2018-q2-update/bin/../arm-none-eabi/lib] ==> [/opt/toolchains/gcc-arm-none-eabi-7-2018-q2-update/arm-none-eabi/lib]
  implicit libs: [nosys;stdc++;m;c;gcc;c;gcc;c;nosys]
  implicit dirs: [/opt/toolchains/gcc-arm-none-eabi-7-2018-q2-update/lib/gcc/arm-none-eabi/7.3.1/thumb/v7-m;/opt/toolchains/gcc-arm-none-eabi-7-2018-q2-update/arm-none-eabi/lib/thumb/v7-m;/opt/toolchains/gcc-arm-none-eabi-7-2018-q2-update/lib/gcc/arm-none-eabi/7.3.1;/opt/toolchains/gcc-arm-none-eabi-7-2018-q2-update/lib/gcc;/opt/toolchains/gcc-arm-none-eabi-7-2018-q2-update/arm-none-eabi/lib]
  implicit fwks: []




Detecting CXX [-std=c++1z] compiler features compiled with the following output:
Change Dir: /rnd/DL/machine-learning-for-embedded/stm32-simple-nn/build-stm32/CMakeFiles/CMakeTmp

Run Build Command:"/usr/bin/make" "cmTC_4ff8e/fast"
/usr/bin/make -f CMakeFiles/cmTC_4ff8e.dir/build.make CMakeFiles/cmTC_4ff8e.dir/build
make[1]: Entering directory '/rnd/DL/machine-learning-for-embedded/stm32-simple-nn/build-stm32/CMakeFiles/CMakeTmp'
Building CXX object CMakeFiles/cmTC_4ff8e.dir/feature_tests.cxx.obj
/opt/toolchains/gcc-arm-none-eabi-7-2018-q2-update/bin/arm-none-eabi-g++    -mthumb -mcpu=cortex-m3 -mlittle-endian -mthumb-interwork  -lm -lc -lnosys --specs=nosys.specs     -std=c++1z -o CMakeFiles/cmTC_4ff8e.dir/feature_tests.cxx.obj -c /rnd/DL/machine-learning-for-embedded/stm32-simple-nn/build-stm32/CMakeFiles/feature_tests.cxx
Linking CXX executable cmTC_4ff8e
/usr/bin/cmake -E cmake_link_script CMakeFiles/cmTC_4ff8e.dir/link.txt --verbose=1
/opt/toolchains/gcc-arm-none-eabi-7-2018-q2-update/bin/arm-none-eabi-g++  -mthumb -mcpu=cortex-m3 -mlittle-endian -mthumb-interwork  -lm -lc -lnosys --specs=nosys.specs    -mthumb -mcpu=cortex-m3 -mlittle-endian -mthumb-interwork  -Wl,-Map=linker.map -Wl,-cref -Wl,--gc-sections  CMakeFiles/cmTC_4ff8e.dir/feature_tests.cxx.obj  -o cmTC_4ff8e 
make[1]: Leaving directory '/rnd/DL/machine-learning-for-embedded/stm32-simple-nn/build-stm32/CMakeFiles/CMakeTmp'


    Feature record: CXX_FEATURE:1cxx_aggregate_default_initializers
    Feature record: CXX_FEATURE:1cxx_alias_templates
    Feature record: CXX_FEATURE:1cxx_alignas
    Feature record: CXX_FEATURE:1cxx_alignof
    Feature record: CXX_FEATURE:1cxx_attributes
    Feature record: CXX_FEATURE:1cxx_attribute_deprecated
    Feature record: CXX_FEATURE:1cxx_auto_type
    Feature record: CXX_FEATURE:1cxx_binary_literals
    Feature record: CXX_FEATURE:1cxx_constexpr
    Feature record: CXX_FEATURE:1cxx_contextual_conversions
    Feature record: CXX_FEATURE:1cxx_decltype
    Feature record: CXX_FEATURE:1cxx_decltype_auto
    Feature record: CXX_FEATURE:1cxx_decltype_incomplete_return_types
    Feature record: CXX_FEATURE:1cxx_default_function_template_args
    Feature record: CXX_FEATURE:1cxx_defaulted_functions
    Feature record: CXX_FEATURE:1cxx_defaulted_move_initializers
    Feature record: CXX_FEATURE:1cxx_delegating_constructors
    Feature record: CXX_FEATURE:1cxx_deleted_functions
    Feature record: CXX_FEATURE:1cxx_digit_separators
    Feature record: CXX_FEATURE:1cxx_enum_forward_declarations
    Feature record: CXX_FEATURE:1cxx_explicit_conversions
    Feature record: CXX_FEATURE:1cxx_extended_friend_declarations
    Feature record: CXX_FEATURE:1cxx_extern_templates
    Feature record: CXX_FEATURE:1cxx_final
    Feature record: CXX_FEATURE:1cxx_func_identifier
    Feature record: CXX_FEATURE:1cxx_generalized_initializers
    Feature record: CXX_FEATURE:1cxx_generic_lambdas
    Feature record: CXX_FEATURE:1cxx_inheriting_constructors
    Feature record: CXX_FEATURE:1cxx_inline_namespaces
    Feature record: CXX_FEATURE:1cxx_lambdas
    Feature record: CXX_FEATURE:1cxx_lambda_init_captures
    Feature record: CXX_FEATURE:1cxx_local_type_template_args
    Feature record: CXX_FEATURE:1cxx_long_long_type
    Feature record: CXX_FEATURE:1cxx_noexcept
    Feature record: CXX_FEATURE:1cxx_nonstatic_member_init
    Feature record: CXX_FEATURE:1cxx_nullptr
    Feature record: CXX_FEATURE:1cxx_override
    Feature record: CXX_FEATURE:1cxx_range_for
    Feature record: CXX_FEATURE:1cxx_raw_string_literals
    Feature record: CXX_FEATURE:1cxx_reference_qualified_functions
    Feature record: CXX_FEATURE:1cxx_relaxed_constexpr
    Feature record: CXX_FEATURE:1cxx_return_type_deduction
    Feature record: CXX_FEATURE:1cxx_right_angle_brackets
    Feature record: CXX_FEATURE:1cxx_rvalue_references
    Feature record: CXX_FEATURE:1cxx_sizeof_member
    Feature record: CXX_FEATURE:1cxx_static_assert
    Feature record: CXX_FEATURE:1cxx_strong_enums
    Feature record: CXX_FEATURE:1cxx_template_template_parameters
    Feature record: CXX_FEATURE:1cxx_thread_local
    Feature record: CXX_FEATURE:1cxx_trailing_return_types
    Feature record: CXX_FEATURE:1cxx_unicode_literals
    Feature record: CXX_FEATURE:1cxx_uniform_initialization
    Feature record: CXX_FEATURE:1cxx_unrestricted_unions
    Feature record: CXX_FEATURE:1cxx_user_literals
    Feature record: CXX_FEATURE:1cxx_variable_templates
    Feature record: CXX_FEATURE:1cxx_variadic_macros
    Feature record: CXX_FEATURE:1cxx_variadic_templates


Detecting CXX [-std=c++14] compiler features compiled with the following output:
Change Dir: /rnd/DL/machine-learning-for-embedded/stm32-simple-nn/build-stm32/CMakeFiles/CMakeTmp

Run Build Command:"/usr/bin/make" "cmTC_1184b/fast"
/usr/bin/make -f CMakeFiles/cmTC_1184b.dir/build.make CMakeFiles/cmTC_1184b.dir/build
make[1]: Entering directory '/rnd/DL/machine-learning-for-embedded/stm32-simple-nn/build-stm32/CMakeFiles/CMakeTmp'
Building CXX object CMakeFiles/cmTC_1184b.dir/feature_tests.cxx.obj
/opt/toolchains/gcc-arm-none-eabi-7-2018-q2-update/bin/arm-none-eabi-g++    -mthumb -mcpu=cortex-m3 -mlittle-endian -mthumb-interwork  -lm -lc -lnosys --specs=nosys.specs     -std=c++14 -o CMakeFiles/cmTC_1184b.dir/feature_tests.cxx.obj -c /rnd/DL/machine-learning-for-embedded/stm32-simple-nn/build-stm32/CMakeFiles/feature_tests.cxx
Linking CXX executable cmTC_1184b
/usr/bin/cmake -E cmake_link_script CMakeFiles/cmTC_1184b.dir/link.txt --verbose=1
/opt/toolchains/gcc-arm-none-eabi-7-2018-q2-update/bin/arm-none-eabi-g++  -mthumb -mcpu=cortex-m3 -mlittle-endian -mthumb-interwork  -lm -lc -lnosys --specs=nosys.specs    -mthumb -mcpu=cortex-m3 -mlittle-endian -mthumb-interwork  -Wl,-Map=linker.map -Wl,-cref -Wl,--gc-sections  CMakeFiles/cmTC_1184b.dir/feature_tests.cxx.obj  -o cmTC_1184b 
make[1]: Leaving directory '/rnd/DL/machine-learning-for-embedded/stm32-simple-nn/build-stm32/CMakeFiles/CMakeTmp'


    Feature record: CXX_FEATURE:1cxx_aggregate_default_initializers
    Feature record: CXX_FEATURE:1cxx_alias_templates
    Feature record: CXX_FEATURE:1cxx_alignas
    Feature record: CXX_FEATURE:1cxx_alignof
    Feature record: CXX_FEATURE:1cxx_attributes
    Feature record: CXX_FEATURE:1cxx_attribute_deprecated
    Feature record: CXX_FEATURE:1cxx_auto_type
    Feature record: CXX_FEATURE:1cxx_binary_literals
    Feature record: CXX_FEATURE:1cxx_constexpr
    Feature record: CXX_FEATURE:1cxx_contextual_conversions
    Feature record: CXX_FEATURE:1cxx_decltype
    Feature record: CXX_FEATURE:1cxx_decltype_auto
    Feature record: CXX_FEATURE:1cxx_decltype_incomplete_return_types
    Feature record: CXX_FEATURE:1cxx_default_function_template_args
    Feature record: CXX_FEATURE:1cxx_defaulted_functions
    Feature record: CXX_FEATURE:1cxx_defaulted_move_initializers
    Feature record: CXX_FEATURE:1cxx_delegating_constructors
    Feature record: CXX_FEATURE:1cxx_deleted_functions
    Feature record: CXX_FEATURE:1cxx_digit_separators
    Feature record: CXX_FEATURE:1cxx_enum_forward_declarations
    Feature record: CXX_FEATURE:1cxx_explicit_conversions
    Feature record: CXX_FEATURE:1cxx_extended_friend_declarations
    Feature record: CXX_FEATURE:1cxx_extern_templates
    Feature record: CXX_FEATURE:1cxx_final
    Feature record: CXX_FEATURE:1cxx_func_identifier
    Feature record: CXX_FEATURE:1cxx_generalized_initializers
    Feature record: CXX_FEATURE:1cxx_generic_lambdas
    Feature record: CXX_FEATURE:1cxx_inheriting_constructors
    Feature record: CXX_FEATURE:1cxx_inline_namespaces
    Feature record: CXX_FEATURE:1cxx_lambdas
    Feature record: CXX_FEATURE:1cxx_lambda_init_captures
    Feature record: CXX_FEATURE:1cxx_local_type_template_args
    Feature record: CXX_FEATURE:1cxx_long_long_type
    Feature record: CXX_FEATURE:1cxx_noexcept
    Feature record: CXX_FEATURE:1cxx_nonstatic_member_init
    Feature record: CXX_FEATURE:1cxx_nullptr
    Feature record: CXX_FEATURE:1cxx_override
    Feature record: CXX_FEATURE:1cxx_range_for
    Feature record: CXX_FEATURE:1cxx_raw_string_literals
    Feature record: CXX_FEATURE:1cxx_reference_qualified_functions
    Feature record: CXX_FEATURE:1cxx_relaxed_constexpr
    Feature record: CXX_FEATURE:1cxx_return_type_deduction
    Feature record: CXX_FEATURE:1cxx_right_angle_brackets
    Feature record: CXX_FEATURE:1cxx_rvalue_references
    Feature record: CXX_FEATURE:1cxx_sizeof_member
    Feature record: CXX_FEATURE:1cxx_static_assert
    Feature record: CXX_FEATURE:1cxx_strong_enums
    Feature record: CXX_FEATURE:1cxx_template_template_parameters
    Feature record: CXX_FEATURE:1cxx_thread_local
    Feature record: CXX_FEATURE:1cxx_trailing_return_types
    Feature record: CXX_FEATURE:1cxx_unicode_literals
    Feature record: CXX_FEATURE:1cxx_uniform_initialization
    Feature record: CXX_FEATURE:1cxx_unrestricted_unions
    Feature record: CXX_FEATURE:1cxx_user_literals
    Feature record: CXX_FEATURE:1cxx_variable_templates
    Feature record: CXX_FEATURE:1cxx_variadic_macros
    Feature record: CXX_FEATURE:1cxx_variadic_templates


Detecting CXX [-std=c++11] compiler features compiled with the following output:
Change Dir: /rnd/DL/machine-learning-for-embedded/stm32-simple-nn/build-stm32/CMakeFiles/CMakeTmp

Run Build Command:"/usr/bin/make" "cmTC_7109c/fast"
/usr/bin/make -f CMakeFiles/cmTC_7109c.dir/build.make CMakeFiles/cmTC_7109c.dir/build
make[1]: Entering directory '/rnd/DL/machine-learning-for-embedded/stm32-simple-nn/build-stm32/CMakeFiles/CMakeTmp'
Building CXX object CMakeFiles/cmTC_7109c.dir/feature_tests.cxx.obj
/opt/toolchains/gcc-arm-none-eabi-7-2018-q2-update/bin/arm-none-eabi-g++    -mthumb -mcpu=cortex-m3 -mlittle-endian -mthumb-interwork  -lm -lc -lnosys --specs=nosys.specs     -std=c++11 -o CMakeFiles/cmTC_7109c.dir/feature_tests.cxx.obj -c /rnd/DL/machine-learning-for-embedded/stm32-simple-nn/build-stm32/CMakeFiles/feature_tests.cxx
Linking CXX executable cmTC_7109c
/usr/bin/cmake -E cmake_link_script CMakeFiles/cmTC_7109c.dir/link.txt --verbose=1
/opt/toolchains/gcc-arm-none-eabi-7-2018-q2-update/bin/arm-none-eabi-g++  -mthumb -mcpu=cortex-m3 -mlittle-endian -mthumb-interwork  -lm -lc -lnosys --specs=nosys.specs    -mthumb -mcpu=cortex-m3 -mlittle-endian -mthumb-interwork  -Wl,-Map=linker.map -Wl,-cref -Wl,--gc-sections  CMakeFiles/cmTC_7109c.dir/feature_tests.cxx.obj  -o cmTC_7109c 
make[1]: Leaving directory '/rnd/DL/machine-learning-for-embedded/stm32-simple-nn/build-stm32/CMakeFiles/CMakeTmp'


    Feature record: CXX_FEATURE:0cxx_aggregate_default_initializers
    Feature record: CXX_FEATURE:1cxx_alias_templates
    Feature record: CXX_FEATURE:1cxx_alignas
    Feature record: CXX_FEATURE:1cxx_alignof
    Feature record: CXX_FEATURE:1cxx_attributes
    Feature record: CXX_FEATURE:0cxx_attribute_deprecated
    Feature record: CXX_FEATURE:1cxx_auto_type
    Feature record: CXX_FEATURE:0cxx_binary_literals
    Feature record: CXX_FEATURE:1cxx_constexpr
    Feature record: CXX_FEATURE:0cxx_contextual_conversions
    Feature record: CXX_FEATURE:1cxx_decltype
    Feature record: CXX_FEATURE:0cxx_decltype_auto
    Feature record: CXX_FEATURE:1cxx_decltype_incomplete_return_types
    Feature record: CXX_FEATURE:1cxx_default_function_template_args
    Feature record: CXX_FEATURE:1cxx_defaulted_functions
    Feature record: CXX_FEATURE:1cxx_defaulted_move_initializers
    Feature record: CXX_FEATURE:1cxx_delegating_constructors
    Feature record: CXX_FEATURE:1cxx_deleted_functions
    Feature record: CXX_FEATURE:0cxx_digit_separators
    Feature record: CXX_FEATURE:1cxx_enum_forward_declarations
    Feature record: CXX_FEATURE:1cxx_explicit_conversions
    Feature record: CXX_FEATURE:1cxx_extended_friend_declarations
    Feature record: CXX_FEATURE:1cxx_extern_templates
    Feature record: CXX_FEATURE:1cxx_final
    Feature record: CXX_FEATURE:1cxx_func_identifier
    Feature record: CXX_FEATURE:1cxx_generalized_initializers
    Feature record: CXX_FEATURE:0cxx_generic_lambdas
    Feature record: CXX_FEATURE:1cxx_inheriting_constructors
    Feature record: CXX_FEATURE:1cxx_inline_namespaces
    Feature record: CXX_FEATURE:1cxx_lambdas
    Feature record: CXX_FEATURE:0cxx_lambda_init_captures
    Feature record: CXX_FEATURE:1cxx_local_type_template_args
    Feature record: CXX_FEATURE:1cxx_long_long_type
    Feature record: CXX_FEATURE:1cxx_noexcept
    Feature record: CXX_FEATURE:1cxx_nonstatic_member_init
    Feature record: CXX_FEATURE:1cxx_nullptr
    Feature record: CXX_FEATURE:1cxx_override
    Feature record: CXX_FEATURE:1cxx_range_for
    Feature record: CXX_FEATURE:1cxx_raw_string_literals
    Feature record: CXX_FEATURE:1cxx_reference_qualified_functions
    Feature record: CXX_FEATURE:0cxx_relaxed_constexpr
    Feature record: CXX_FEATURE:0cxx_return_type_deduction
    Feature record: CXX_FEATURE:1cxx_right_angle_brackets
    Feature record: CXX_FEATURE:1cxx_rvalue_references
    Feature record: CXX_FEATURE:1cxx_sizeof_member
    Feature record: CXX_FEATURE:1cxx_static_assert
    Feature record: CXX_FEATURE:1cxx_strong_enums
    Feature record: CXX_FEATURE:1cxx_template_template_parameters
    Feature record: CXX_FEATURE:1cxx_thread_local
    Feature record: CXX_FEATURE:1cxx_trailing_return_types
    Feature record: CXX_FEATURE:1cxx_unicode_literals
    Feature record: CXX_FEATURE:1cxx_uniform_initialization
    Feature record: CXX_FEATURE:1cxx_unrestricted_unions
    Feature record: CXX_FEATURE:1cxx_user_literals
    Feature record: CXX_FEATURE:0cxx_variable_templates
    Feature record: CXX_FEATURE:1cxx_variadic_macros
    Feature record: CXX_FEATURE:1cxx_variadic_templates


Detecting CXX [-std=c++98] compiler features compiled with the following output:
Change Dir: /rnd/DL/machine-learning-for-embedded/stm32-simple-nn/build-stm32/CMakeFiles/CMakeTmp

Run Build Command:"/usr/bin/make" "cmTC_1d096/fast"
/usr/bin/make -f CMakeFiles/cmTC_1d096.dir/build.make CMakeFiles/cmTC_1d096.dir/build
make[1]: Entering directory '/rnd/DL/machine-learning-for-embedded/stm32-simple-nn/build-stm32/CMakeFiles/CMakeTmp'
Building CXX object CMakeFiles/cmTC_1d096.dir/feature_tests.cxx.obj
/opt/toolchains/gcc-arm-none-eabi-7-2018-q2-update/bin/arm-none-eabi-g++    -mthumb -mcpu=cortex-m3 -mlittle-endian -mthumb-interwork  -lm -lc -lnosys --specs=nosys.specs     -std=c++98 -o CMakeFiles/cmTC_1d096.dir/feature_tests.cxx.obj -c /rnd/DL/machine-learning-for-embedded/stm32-simple-nn/build-stm32/CMakeFiles/feature_tests.cxx
Linking CXX executable cmTC_1d096
/usr/bin/cmake -E cmake_link_script CMakeFiles/cmTC_1d096.dir/link.txt --verbose=1
/opt/toolchains/gcc-arm-none-eabi-7-2018-q2-update/bin/arm-none-eabi-g++  -mthumb -mcpu=cortex-m3 -mlittle-endian -mthumb-interwork  -lm -lc -lnosys --specs=nosys.specs    -mthumb -mcpu=cortex-m3 -mlittle-endian -mthumb-interwork  -Wl,-Map=linker.map -Wl,-cref -Wl,--gc-sections  CMakeFiles/cmTC_1d096.dir/feature_tests.cxx.obj  -o cmTC_1d096 
make[1]: Leaving directory '/rnd/DL/machine-learning-for-embedded/stm32-simple-nn/build-stm32/CMakeFiles/CMakeTmp'


    Feature record: CXX_FEATURE:0cxx_aggregate_default_initializers
    Feature record: CXX_FEATURE:0cxx_alias_templates
    Feature record: CXX_FEATURE:0cxx_alignas
    Feature record: CXX_FEATURE:0cxx_alignof
    Feature record: CXX_FEATURE:0cxx_attributes
    Feature record: CXX_FEATURE:0cxx_attribute_deprecated
    Feature record: CXX_FEATURE:0cxx_auto_type
    Feature record: CXX_FEATURE:0cxx_binary_literals
    Feature record: CXX_FEATURE:0cxx_constexpr
    Feature record: CXX_FEATURE:0cxx_contextual_conversions
    Feature record: CXX_FEATURE:0cxx_decltype
    Feature record: CXX_FEATURE:0cxx_decltype_auto
    Feature record: CXX_FEATURE:0cxx_decltype_incomplete_return_types
    Feature record: CXX_FEATURE:0cxx_default_function_template_args
    Feature record: CXX_FEATURE:0cxx_defaulted_functions
    Feature record: CXX_FEATURE:0cxx_defaulted_move_initializers
    Feature record: CXX_FEATURE:0cxx_delegating_constructors
    Feature record: CXX_FEATURE:0cxx_deleted_functions
    Feature record: CXX_FEATURE:0cxx_digit_separators
    Feature record: CXX_FEATURE:0cxx_enum_forward_declarations
    Feature record: CXX_FEATURE:0cxx_explicit_conversions
    Feature record: CXX_FEATURE:0cxx_extended_friend_declarations
    Feature record: CXX_FEATURE:0cxx_extern_templates
    Feature record: CXX_FEATURE:0cxx_final
    Feature record: CXX_FEATURE:0cxx_func_identifier
    Feature record: CXX_FEATURE:0cxx_generalized_initializers
    Feature record: CXX_FEATURE:0cxx_generic_lambdas
    Feature record: CXX_FEATURE:0cxx_inheriting_constructors
    Feature record: CXX_FEATURE:0cxx_inline_namespaces
    Feature record: CXX_FEATURE:0cxx_lambdas
    Feature record: CXX_FEATURE:0cxx_lambda_init_captures
    Feature record: CXX_FEATURE:0cxx_local_type_template_args
    Feature record: CXX_FEATURE:0cxx_long_long_type
    Feature record: CXX_FEATURE:0cxx_noexcept
    Feature record: CXX_FEATURE:0cxx_nonstatic_member_init
    Feature record: CXX_FEATURE:0cxx_nullptr
    Feature record: CXX_FEATURE:0cxx_override
    Feature record: CXX_FEATURE:0cxx_range_for
    Feature record: CXX_FEATURE:0cxx_raw_string_literals
    Feature record: CXX_FEATURE:0cxx_reference_qualified_functions
    Feature record: CXX_FEATURE:0cxx_relaxed_constexpr
    Feature record: CXX_FEATURE:0cxx_return_type_deduction
    Feature record: CXX_FEATURE:0cxx_right_angle_brackets
    Feature record: CXX_FEATURE:0cxx_rvalue_references
    Feature record: CXX_FEATURE:0cxx_sizeof_member
    Feature record: CXX_FEATURE:0cxx_static_assert
    Feature record: CXX_FEATURE:0cxx_strong_enums
    Feature record: CXX_FEATURE:1cxx_template_template_parameters
    Feature record: CXX_FEATURE:0cxx_thread_local
    Feature record: CXX_FEATURE:0cxx_trailing_return_types
    Feature record: CXX_FEATURE:0cxx_unicode_literals
    Feature record: CXX_FEATURE:0cxx_uniform_initialization
    Feature record: CXX_FEATURE:0cxx_unrestricted_unions
    Feature record: CXX_FEATURE:0cxx_user_literals
    Feature record: CXX_FEATURE:0cxx_variable_templates
    Feature record: CXX_FEATURE:0cxx_variadic_macros
    Feature record: CXX_FEATURE:0cxx_variadic_templates
Checking whether the ASM compiler is GNU using "--version" matched "(GNU assembler)|(GCC)|(Free Software Foundation)":
GNU assembler (GNU Tools for Arm Embedded Processors 7-2018-q2-update) 2.30.0.20180329
Copyright (C) 2018 Free Software Foundation, Inc.
This program is free software; you may redistribute it under the terms of
the GNU General Public License version 3 or later.
This program has absolutely no warranty.
This assembler was configured for a target of `arm-none-eabi'.
